2025-03-03 04:16:28 Loading main app package /usr/lib/obsidian/obsidian.asar
2025-03-03 04:16:28 Checking for update using Github
2025-03-03 04:16:28 Success.
2025-03-03 04:16:28 Latest version is 1.8.7
2025-03-03 04:16:28 App is up to date.
2025-03-03 05:16:28 Checking for update using Github
2025-03-03 05:16:28 Success.
2025-03-03 05:16:28 Latest version is 1.8.7
2025-03-03 05:16:28 App is up to date.
2025-03-03 06:16:28 Checking for update using Github
2025-03-03 06:16:28 Success.
2025-03-03 06:16:28 Latest version is 1.8.7
2025-03-03 06:16:28 App is up to date.
2025-03-03 07:16:28 Checking for update using Github
2025-03-03 07:16:28 Success.
2025-03-03 07:16:28 Latest version is 1.8.7
2025-03-03 07:16:28 App is up to date.
2025-03-03 08:16:28 Checking for update using Github
2025-03-03 08:16:28 Success.
2025-03-03 08:16:28 Latest version is 1.8.7
2025-03-03 08:16:28 App is up to date.
2025-03-03 09:16:28 Checking for update using Github
2025-03-03 09:16:28 Success.
2025-03-03 09:16:28 Latest version is 1.8.7
2025-03-03 09:16:28 App is up to date.
2025-03-03 10:16:28 Checking for update using Github
2025-03-03 10:16:28 Success.
2025-03-03 10:16:28 Latest version is 1.8.7
2025-03-03 10:16:28 App is up to date.
2025-03-03 11:16:28 Checking for update using Github
2025-03-03 11:16:28 Success.
2025-03-03 11:16:28 Latest version is 1.8.7
2025-03-03 11:16:28 App is up to date.
2025-03-03 12:16:28 Checking for update using Github
2025-03-03 12:16:28 Success.
2025-03-03 12:16:28 Latest version is 1.8.7
2025-03-03 12:16:28 App is up to date.
2025-03-03 13:16:28 Checking for update using Github
2025-03-03 13:16:29 Success.
2025-03-03 13:16:29 Latest version is 1.8.7
2025-03-03 13:16:29 App is up to date.
2025-03-03 14:16:29 Checking for update using Github
2025-03-03 14:16:29 Success.
2025-03-03 14:16:29 Latest version is 1.8.7
2025-03-03 14:16:29 App is up to date.
2025-03-03 14:43:21 Loading main app package /usr/lib/obsidian/obsidian.asar
2025-03-03 14:43:21 Checking for update using Github
2025-03-03 14:43:21 Success.
2025-03-03 14:43:21 Latest version is 1.8.7
2025-03-03 14:43:21 App is up to date.
2025-03-03 15:43:21 Checking for update using Github
2025-03-03 15:43:21 Success.
2025-03-03 15:43:21 Latest version is 1.8.7
2025-03-03 15:43:21 App is up to date.
2025-03-03 18:59:23 Loading main app package /usr/lib/obsidian/obsidian.asar
2025-03-03 18:59:24 Checking for update using Github
2025-03-03 18:59:24 Success.
2025-03-03 18:59:24 Latest version is 1.8.7
2025-03-03 18:59:24 App is up to date.
2025-03-03 19:12:01 Loading main app package /usr/lib/obsidian/obsidian.asar
2025-03-03 19:12:01 Checking for update using Github
2025-03-03 19:12:01 Success.
2025-03-03 19:12:01 Latest version is 1.8.7
2025-03-03 19:12:01 App is up to date.
2025-03-03 19:15:21 Loading main app package /usr/lib/obsidian/obsidian.asar
2025-03-03 19:15:21 Checking for update using Github
2025-03-03 19:15:21 Success.
2025-03-03 19:15:21 Latest version is 1.8.7
2025-03-03 19:15:21 App is up to date.
2025-03-03 20:22:40 Loading main app package /usr/lib/obsidian/obsidian.asar
2025-03-03 20:22:40 Checking for update using Github
2025-03-03 20:22:41 Success.
2025-03-03 20:22:41 Latest version is 1.8.7
2025-03-03 20:22:41 App is up to date.
2025-03-03 21:22:40 Checking for update using Github
2025-03-03 21:22:40 Success.
2025-03-03 21:22:40 Latest version is 1.8.7
2025-03-03 21:22:40 App is up to date.
2025-03-03 21:27:35 Loading main app package /usr/lib/obsidian/obsidian.asar
2025-03-03 21:27:35 Checking for update using Github
2025-03-03 21:27:35 Success.
2025-03-03 21:27:35 Latest version is 1.8.7
2025-03-03 21:27:35 App is up to date.
2025-03-03 21:30:26 Loading main app package /usr/lib/obsidian/obsidian.asar
2025-03-03 21:30:26 Checking for update using Github
2025-03-03 21:30:26 Success.
2025-03-03 21:30:26 Latest version is 1.8.7
2025-03-03 21:30:26 App is up to date.
2025-03-05 17:00:37 Loading main app package /usr/lib/obsidian/obsidian.asar
2025-03-05 17:00:37 Checking for update using Github
2025-03-05 17:00:37 Success.
2025-03-05 17:00:37 Latest version is 1.8.9
2025-03-05 17:00:37 Downloading update from https://github.com/obsidianmd/obsidian-releases/releases/download/v1.8.9/obsidian-1.8.9.asar.gz
2025-03-05 17:00:39 Verifying hash & signature. Size= 8125625
2025-03-05 17:00:39 Saving file
2025-03-05 17:00:39 Update complete.
2025-03-05 17:38:07 Loading updated app package /home/uirian/.config/obsidian/obsidian-1.8.9.asar
2025-03-05 17:38:07 Checking for update using Github
2025-03-05 17:47:00 Loading updated app package /home/uirian/.config/obsidian/obsidian-1.8.9.asar
2025-03-05 17:47:00 Checking for update using Github
2025-03-05 17:47:00 Success.
2025-03-05 17:47:00 Latest version is 1.8.9
2025-03-05 17:47:00 App is up to date.
2025-03-05 17:47:20 Loading updated app package /home/uirian/.config/obsidian/obsidian-1.8.9.asar
2025-03-05 17:47:20 Checking for update using Github
2025-03-05 17:47:20 Success.
2025-03-05 17:47:20 Latest version is 1.8.9
2025-03-05 17:47:20 App is up to date.
2025-03-05 18:47:20 Checking for update using Github
2025-03-05 18:47:20 Success.
2025-03-05 18:47:20 Latest version is 1.8.9
2025-03-05 18:47:20 App is up to date.
2025-03-05 19:47:20 Checking for update using Github
2025-03-05 19:47:20 Success.
2025-03-05 19:47:20 Latest version is 1.8.9
2025-03-05 19:47:20 App is up to date.
2025-03-05 20:47:20 Checking for update using Github
2025-03-05 20:47:20 Success.
2025-03-05 20:47:20 Latest version is 1.8.9
2025-03-05 20:47:20 App is up to date.
2025-03-06 00:28:08 Loading updated app package /home/uirian/.config/obsidian/obsidian-1.8.9.asar
2025-03-06 00:28:08 Checking for update using Github
2025-03-06 00:28:08 Success.
2025-03-06 00:28:08 Latest version is 1.8.9
2025-03-06 00:28:08 App is up to date.
2025-03-06 00:28:51 Loading updated app package /home/uirian/.config/obsidian/obsidian-1.8.9.asar
2025-03-06 00:28:51 Checking for update using Github
2025-03-06 00:28:51 Success.
2025-03-06 00:28:51 Latest version is 1.8.9
2025-03-06 00:28:51 App is up to date.
2025-03-06 14:19:32 Loading updated app package /home/uirian/.config/obsidian/obsidian-1.8.9.asar
2025-03-06 14:19:32 Checking for update using Github
2025-03-06 14:19:33 Success.
2025-03-06 14:19:33 Latest version is 1.8.9
2025-03-06 14:19:33 App is up to date.
2025-03-06 15:19:32 Checking for update using Github
2025-03-06 15:19:32 Success.
2025-03-06 15:19:32 Latest version is 1.8.9
2025-03-06 15:19:32 App is up to date.
2025-03-06 16:19:32 Checking for update using Github
2025-03-06 16:19:33 Success.
2025-03-06 16:19:33 Latest version is 1.8.9
2025-03-06 16:19:33 App is up to date.
2025-03-06 17:19:33 Checking for update using Github
2025-03-06 17:19:33 Success.
2025-03-06 17:19:33 Latest version is 1.8.9
2025-03-06 17:19:33 App is up to date.
2025-03-06 18:19:33 Checking for update using Github
2025-03-06 18:19:33 Success.
2025-03-06 18:19:33 Latest version is 1.8.9
2025-03-06 18:19:33 App is up to date.
2025-03-06 19:19:33 Checking for update using Github
2025-03-06 19:19:33 Success.
2025-03-06 19:19:33 Latest version is 1.8.9
2025-03-06 19:19:33 App is up to date.
2025-03-06 20:19:33 Checking for update using Github
2025-03-06 20:19:33 Success.
2025-03-06 20:19:33 Latest version is 1.8.9
2025-03-06 20:19:33 App is up to date.
2025-03-06 21:19:33 Checking for update using Github
2025-03-06 21:19:33 Success.
2025-03-06 21:19:33 Latest version is 1.8.9
2025-03-06 21:19:33 App is up to date.
2025-03-06 22:19:33 Checking for update using Github
2025-03-06 22:19:33 Success.
2025-03-06 22:19:33 Latest version is 1.8.9
2025-03-06 22:19:33 App is up to date.
2025-03-06 23:19:33 Checking for update using Github
2025-03-06 23:19:33 Success.
2025-03-06 23:19:33 Latest version is 1.8.9
2025-03-06 23:19:33 App is up to date.
2025-03-07 00:19:33 Checking for update using Github
2025-03-07 00:19:33 Success.
2025-03-07 00:19:33 Latest version is 1.8.9
2025-03-07 00:19:33 App is up to date.
2025-03-07 01:19:33 Checking for update using Github
2025-03-07 01:19:33 Success.
2025-03-07 01:19:33 Latest version is 1.8.9
2025-03-07 01:19:33 App is up to date.
2025-03-07 02:19:33 Checking for update using Github
2025-03-07 02:19:33 Success.
2025-03-07 02:19:33 Latest version is 1.8.9
2025-03-07 02:19:33 App is up to date.
2025-03-07 03:19:33 Checking for update using Github
2025-03-07 03:19:34 Success.
2025-03-07 03:19:34 Latest version is 1.8.9
2025-03-07 03:19:34 App is up to date.
2025-03-07 04:19:34 Checking for update using Github
2025-03-07 04:19:34 Success.
2025-03-07 04:19:34 Latest version is 1.8.9
2025-03-07 04:19:34 App is up to date.
2025-03-07 21:06:45 Loading updated app package /home/uirian/.config/obsidian/obsidian-1.8.9.asar
2025-03-07 21:06:45 Checking for update using Github
2025-03-07 21:06:45 Success.
2025-03-07 21:06:45 Latest version is 1.8.9
2025-03-07 21:06:45 App is up to date.
2025-03-07 21:12:23 Loading updated app package /home/uirian/.config/obsidian/obsidian-1.8.9.asar
2025-03-07 21:12:23 Checking for update using Github
2025-03-07 21:12:24 Success.
2025-03-07 21:12:24 Latest version is 1.8.9
2025-03-07 21:12:24 App is up to date.
2025-03-08 04:30:35 Loading updated app package /home/uirian/.config/obsidian/obsidian-1.8.9.asar
2025-03-08 04:30:35 Checking for update using Github
2025-03-08 04:30:35 Success.
2025-03-08 04:30:35 Latest version is 1.8.9
2025-03-08 04:30:35 App is up to date.
2025-03-08 21:45:58 Loading updated app package /home/uirian/.config/obsidian/obsidian-1.8.9.asar
2025-03-08 21:45:58 Checking for update using Github
2025-03-08 21:45:58 Success.
2025-03-08 21:45:58 Latest version is 1.8.9
2025-03-08 21:45:58 App is up to date.
2025-03-10 03:40:04 Loading main app package /usr/lib/obsidian/obsidian.asar
2025-03-10 03:40:05 Checking for update using Github
2025-03-10 03:40:05 Failed to check for update using Github (net::ERR_INTERNET_DISCONNECTED)
2025-03-10 03:40:05 Checking for update using obsidian.md
2025-03-10 03:40:05 Failed to check for update using obsidian.md (net::ERR_INTERNET_DISCONNECTED)
2025-03-10 04:40:04 Checking for update using Github
2025-03-10 04:40:04 Success.
2025-03-10 04:40:04 Latest version is 1.8.9
2025-03-10 04:40:04 App is up to date.
2025-03-10 05:40:04 Checking for update using Github
2025-03-10 05:40:04 Success.
2025-03-10 05:40:04 Latest version is 1.8.9
2025-03-10 05:40:04 App is up to date.
2025-03-10 06:40:04 Checking for update using Github
2025-03-10 06:40:04 Success.
2025-03-10 06:40:04 Latest version is 1.8.9
2025-03-10 06:40:04 App is up to date.
2025-03-10 07:40:04 Checking for update using Github
2025-03-10 07:40:04 Success.
2025-03-10 07:40:04 Latest version is 1.8.9
2025-03-10 07:40:04 App is up to date.
2025-03-10 08:40:04 Checking for update using Github
2025-03-10 08:40:04 Success.
2025-03-10 08:40:04 Latest version is 1.8.9
2025-03-10 08:40:04 App is up to date.
2025-03-10 09:40:04 Checking for update using Github
2025-03-10 09:40:04 Success.
2025-03-10 09:40:04 Latest version is 1.8.9
2025-03-10 09:40:04 App is up to date.
2025-03-10 10:40:04 Checking for update using Github
2025-03-10 10:40:04 Success.
2025-03-10 10:40:04 Latest version is 1.8.9
2025-03-10 10:40:04 App is up to date.
2025-03-10 11:40:04 Checking for update using Github
2025-03-10 11:40:04 Success.
2025-03-10 11:40:04 Latest version is 1.8.9
2025-03-10 11:40:04 App is up to date.
2025-03-10 12:40:04 Checking for update using Github
2025-03-10 12:40:04 Success.
2025-03-10 12:40:04 Latest version is 1.8.9
2025-03-10 12:40:04 App is up to date.
2025-03-10 13:40:04 Checking for update using Github
2025-03-10 13:40:04 Success.
2025-03-10 13:40:04 Latest version is 1.8.9
2025-03-10 13:40:04 App is up to date.
2025-03-10 14:40:04 Checking for update using Github
2025-03-10 14:40:04 Success.
2025-03-10 14:40:04 Latest version is 1.8.9
2025-03-10 14:40:04 App is up to date.
2025-03-10 16:29:30 Loading main app package /usr/lib/obsidian/obsidian.asar
2025-03-10 16:29:31 Checking for update using Github
2025-03-10 16:29:31 Success.
2025-03-10 16:29:31 Latest version is 1.8.9
2025-03-10 16:29:31 App is up to date.
2025-03-13 05:37:25 Loading main app package /usr/lib/obsidian/obsidian.asar
2025-03-13 05:37:25 Checking for update using Github
2025-03-13 05:37:25 Failed to check for update using Github (net::ERR_INTERNET_DISCONNECTED)
2025-03-13 05:37:25 Checking for update using obsidian.md
2025-03-13 05:37:25 Failed to check for update using obsidian.md (net::ERR_INTERNET_DISCONNECTED)
2025-03-13 13:41:33 Loading main app package /usr/lib/obsidian/obsidian.asar
2025-03-13 13:41:34 Checking for update using Github
2025-03-13 13:41:34 Success.
2025-03-13 13:41:34 Latest version is 1.8.9
2025-03-13 13:41:34 App is up to date.
2025-03-13 13:59:57 Loading main app package /usr/lib/obsidian/obsidian.asar
2025-03-13 13:59:58 Checking for update using Github
2025-03-13 13:59:58 Failed to check for update using Github (net::ERR_INTERNET_DISCONNECTED)
2025-03-13 13:59:58 Checking for update using obsidian.md
2025-03-13 13:59:58 Failed to check for update using obsidian.md (net::ERR_INTERNET_DISCONNECTED)
2025-03-13 15:11:56 Loading main app package /usr/lib/obsidian/obsidian.asar
2025-03-13 15:11:56 Checking for update using Github
2025-03-13 15:11:57 Success.
2025-03-13 15:11:57 Latest version is 1.8.9
2025-03-13 15:11:57 App is up to date.
2025-03-13 16:11:56 Checking for update using Github
2025-03-13 16:11:56 Success.
2025-03-13 16:11:56 Latest version is 1.8.9
2025-03-13 16:11:56 App is up to date.
2025-03-13 17:11:56 Checking for update using Github
2025-03-13 17:11:56 Success.
2025-03-13 17:11:56 Latest version is 1.8.9
2025-03-13 17:11:56 App is up to date.
2025-03-13 18:11:56 Checking for update using Github
2025-03-13 18:11:56 Success.
2025-03-13 18:11:56 Latest version is 1.8.9
2025-03-13 18:11:56 App is up to date.
2025-03-13 19:11:56 Checking for update using Github
2025-03-13 19:11:56 Success.
2025-03-13 19:11:56 Latest version is 1.8.9
2025-03-13 19:11:56 App is up to date.
2025-03-13 20:11:56 Checking for update using Github
2025-03-13 20:11:56 Success.
2025-03-13 20:11:56 Latest version is 1.8.9
2025-03-13 20:11:56 App is up to date.
2025-03-13 21:11:56 Checking for update using Github
2025-03-13 21:11:56 Success.
2025-03-13 21:11:56 Latest version is 1.8.9
2025-03-13 21:11:56 App is up to date.
2025-03-14 13:59:05 Loading main app package /usr/lib/obsidian/obsidian.asar
2025-03-14 13:59:06 Checking for update using Github
2025-03-14 13:59:06 Success.
2025-03-14 13:59:06 Latest version is 1.8.9
2025-03-14 13:59:06 App is up to date.
2025-03-14 14:59:05 Checking for update using Github
2025-03-14 14:59:05 Success.
2025-03-14 14:59:05 Latest version is 1.8.9
2025-03-14 14:59:05 App is up to date.
2025-03-14 15:59:05 Checking for update using Github
2025-03-14 15:59:05 Success.
2025-03-14 15:59:05 Latest version is 1.8.9
2025-03-14 15:59:05 App is up to date.
2025-03-14 16:59:05 Checking for update using Github
2025-03-14 16:59:05 Success.
2025-03-14 16:59:05 Latest version is 1.8.9
2025-03-14 16:59:05 App is up to date.
2025-03-14 17:59:05 Checking for update using Github
2025-03-14 17:59:05 Success.
2025-03-14 17:59:05 Latest version is 1.8.9
2025-03-14 17:59:05 App is up to date.
2025-03-14 18:59:05 Checking for update using Github
2025-03-14 18:59:05 Success.
2025-03-14 18:59:05 Latest version is 1.8.9
2025-03-14 18:59:05 App is up to date.
2025-03-14 19:59:05 Checking for update using Github
2025-03-14 19:59:05 Success.
2025-03-14 19:59:05 Latest version is 1.8.9
2025-03-14 19:59:05 App is up to date.
2025-03-14 20:59:05 Checking for update using Github
2025-03-14 20:59:05 Success.
2025-03-14 20:59:05 Latest version is 1.8.9
2025-03-14 20:59:05 App is up to date.
2025-03-14 21:59:05 Checking for update using Github
2025-03-14 21:59:05 Success.
2025-03-14 21:59:05 Latest version is 1.8.9
2025-03-14 21:59:05 App is up to date.
2025-03-14 22:59:05 Checking for update using Github
2025-03-14 22:59:05 Success.
2025-03-14 22:59:05 Latest version is 1.8.9
2025-03-14 22:59:05 App is up to date.
2025-03-14 23:59:05 Checking for update using Github
2025-03-14 23:59:05 Success.
2025-03-14 23:59:05 Latest version is 1.8.9
2025-03-14 23:59:05 App is up to date.
2025-03-15 00:59:05 Checking for update using Github
2025-03-15 00:59:05 Success.
2025-03-15 00:59:05 Latest version is 1.8.9
2025-03-15 00:59:05 App is up to date.
2025-03-15 01:59:05 Checking for update using Github
2025-03-15 01:59:05 Success.
2025-03-15 01:59:05 Latest version is 1.8.9
2025-03-15 01:59:05 App is up to date.
2025-03-15 02:59:05 Checking for update using Github
2025-03-15 02:59:05 Success.
2025-03-15 02:59:05 Latest version is 1.8.9
2025-03-15 02:59:05 App is up to date.
2025-03-15 03:59:05 Checking for update using Github
2025-03-15 03:59:05 Success.
2025-03-15 03:59:05 Latest version is 1.8.9
2025-03-15 03:59:05 App is up to date.
2025-03-15 04:59:05 Checking for update using Github
2025-03-15 04:59:05 Success.
2025-03-15 04:59:05 Latest version is 1.8.9
2025-03-15 04:59:05 App is up to date.
2025-03-15 05:59:05 Checking for update using Github
2025-03-15 05:59:05 Success.
2025-03-15 05:59:05 Latest version is 1.8.9
2025-03-15 05:59:05 App is up to date.
2025-03-15 06:59:05 Checking for update using Github
2025-03-15 06:59:05 Success.
2025-03-15 06:59:05 Latest version is 1.8.9
2025-03-15 06:59:05 App is up to date.
2025-03-15 07:59:05 Checking for update using Github
2025-03-15 07:59:05 Success.
2025-03-15 07:59:05 Latest version is 1.8.9
2025-03-15 07:59:05 App is up to date.
2025-03-15 08:59:05 Checking for update using Github
2025-03-15 08:59:05 Success.
2025-03-15 08:59:05 Latest version is 1.8.9
2025-03-15 08:59:05 App is up to date.
2025-03-15 09:59:05 Checking for update using Github
2025-03-15 09:59:05 Success.
2025-03-15 09:59:05 Latest version is 1.8.9
2025-03-15 09:59:05 App is up to date.
2025-03-15 10:59:05 Checking for update using Github
2025-03-15 10:59:05 Success.
2025-03-15 10:59:05 Latest version is 1.8.9
2025-03-15 10:59:05 App is up to date.
2025-03-15 11:59:05 Checking for update using Github
2025-03-15 11:59:05 Success.
2025-03-15 11:59:05 Latest version is 1.8.9
2025-03-15 11:59:05 App is up to date.
2025-03-15 12:59:05 Checking for update using Github
2025-03-15 12:59:05 Success.
2025-03-15 12:59:05 Latest version is 1.8.9
2025-03-15 12:59:05 App is up to date.
2025-03-15 13:59:05 Checking for update using Github
2025-03-15 13:59:05 Success.
2025-03-15 13:59:05 Latest version is 1.8.9
2025-03-15 13:59:05 App is up to date.
2025-03-15 14:59:05 Checking for update using Github
2025-03-15 14:59:05 Success.
2025-03-15 14:59:05 Latest version is 1.8.9
2025-03-15 14:59:05 App is up to date.
2025-03-15 15:59:05 Checking for update using Github
2025-03-15 15:59:05 Success.
2025-03-15 15:59:05 Latest version is 1.8.9
2025-03-15 15:59:05 App is up to date.
2025-03-15 16:59:05 Checking for update using Github
2025-03-15 16:59:05 Success.
2025-03-15 16:59:05 Latest version is 1.8.9
2025-03-15 16:59:05 App is up to date.
2025-03-15 17:59:05 Checking for update using Github
2025-03-15 17:59:05 Success.
2025-03-15 17:59:05 Latest version is 1.8.9
2025-03-15 17:59:05 App is up to date.
